<?xml version="1.0" encoding="UTF-8"?>
<testsuite name="com.example.HamcrestTest" tests="1" skipped="0" failures="0" errors="0" timestamp="2025-03-30T18:44:12.019Z" hostname="MacBook-Pro-Alena.local" time="0.01">
  <properties/>
  <testcase name="shouldCheckValuesUsingHamcrest()" classname="com.example.HamcrestTest" time="0.01"/>
  <system-out><![CDATA[]]></system-out>
  <system-err><![CDATA[]]></system-err>
</testsuite>
