<?xml version="1.0" encoding="UTF-8"?>
<testsuite name="com.example.JUnitTest" tests="1" skipped="0" failures="0" errors="0" timestamp="2025-03-30T18:44:12.032Z" hostname="MacBook-Pro-Alena.local" time="0.002">
  <properties/>
  <testcase name="shouldCheckEqualValues()" classname="com.example.JUnitTest" time="0.002"/>
  <system-out><![CDATA[]]></system-out>
  <system-err><![CDATA[]]></system-err>
</testsuite>
